Arguments: 
  /usr/local/Cellar/node/15.14.0/bin/node /usr/local/Cellar/yarn/1.22.10/libexec/bin/yarn.js

PATH: 
  /Users/su/.gem/ruby/2.6.0/bin:/usr/local/opt/openjdk@11/bin:/usr/local/opt/icu4c/sbin:/usr/local/opt/icu4c/bin:/usr/local/opt/openssl@1.1/bin:/usr/local/bin:/usr/bin:/bin:/usr/sbin:/sbin:/Users/su/.gem/ruby/2.6.0/bin:/usr/local/opt/openjdk@11/bin:/usr/local/opt/icu4c/sbin:/usr/local/opt/icu4c/bin:/usr/local/opt/openssl@1.1/bin

Yarn version: 
  1.22.10

Node version: 
  15.14.0

Platform: 
  darwin x64

Trace: 
  Error: read ECONNRESET
      at TLSWrap.onStreamRead (node:internal/stream_base_commons:211:20)

npm manifest: 
  {
    "name": "LXK9301",
    "version": "1.0.0",
    "description": "{**When you're done, you can delete the content in this README and update the file with details for others getting started with your repository**}",
    "main": "AlipayManor.js",
    "scripts": {
      "test": "echo \"Error: no test specified\" && exit 1"
    },
    "repository": {
      "type": "git",
      "url": "https://github.com/LXK9301/jd_scripts.git"
    },
    "keywords": [
      "京东薅羊毛工具, 京东水果、宠物、种豆等等"
    ],
    "author": "LXK9301",
    "license": "ISC",
    "dependencies": {
      "crypto-js": "^4.0.0",
      "download": "^8.0.0",
      "got": "^11.5.1",
      "http-server": "^0.12.3",
      "qrcode-terminal": "^0.12.0",
      "request": "^2.88.2",
      "tough-cookie": "^4.0.0",
      "tunnel": "0.0.6",
      "ws": "^7.4.3"
    }
  }

yarn manifest: 
  No manifest

Lockfile: 
  No lockfile
